TN:
SF:app.js
FNF:0
FNH:0
DA:1,3
DA:2,3
DA:3,3
DA:4,3
DA:5,3
DA:6,3
DA:7,3
DA:9,3
DA:10,3
DA:12,3
DA:13,3
DA:14,3
DA:15,3
DA:16,3
DA:17,3
DA:20,3
DA:23,3
DA:25,3
LF:18
LH:18
BRF:0
BRH:0
end_of_record
TN:
SF:controllers\hotelController.js
FN:4,(anonymous_0)
FN:32,(anonymous_1)
FNF:2
FNH:2
FNDA:6,(anonymous_0)
FNDA:2,(anonymous_1)
DA:1,3
DA:4,3
DA:5,6
DA:6,6
DA:8,6
DA:10,4
DA:11,0
DA:14,2
DA:17,4
DA:24,4
DA:25,4
DA:27,0
DA:32,3
DA:33,2
DA:35,2
DA:38,2
DA:40,2
DA:41,1
DA:44,2
DA:45,1
DA:46,1
DA:47,1
DA:51,2
DA:52,1
DA:53,1
DA:54,1
DA:59,2
DA:60,2
DA:61,1
DA:65,2
DA:68,2
DA:73,2
DA:75,0
DA:79,3
LF:34
LH:31
BRDA:8,0,0,4
BRDA:8,0,1,2
BRDA:8,1,0,6
BRDA:8,1,1,5
BRDA:8,1,2,5
BRDA:8,1,3,4
BRDA:10,2,0,0
BRDA:10,2,1,4
BRDA:10,3,0,4
BRDA:10,3,1,4
BRDA:10,3,2,4
BRDA:10,3,3,4
BRDA:35,4,0,1
BRDA:35,5,0,1
BRDA:40,6,0,1
BRDA:40,6,1,1
BRDA:44,7,0,1
BRDA:44,7,1,1
BRDA:46,8,0,1
BRDA:46,8,1,0
BRDA:51,9,0,1
BRDA:51,9,1,1
BRDA:53,10,0,1
BRDA:53,10,1,0
BRDA:60,11,0,1
BRDA:60,11,1,1
BRF:26
BRH:23
end_of_record
TN:
SF:middleware\errorHandler.js
FN:1,(anonymous_0)
FNF:1
FNH:1
FNDA:1,(anonymous_0)
DA:1,3
DA:2,1
DA:3,1
DA:9,3
LF:4
LH:4
BRDA:3,0,0,1
BRDA:3,0,1,0
BRDA:4,1,0,1
BRDA:4,1,1,0
BRDA:5,2,0,0
BRDA:5,2,1,1
BRF:6
BRH:3
end_of_record
TN:
SF:models\hotel.js
FNF:0
FNH:0
DA:1,4
DA:3,4
DA:25,4
DA:27,4
LF:4
LH:4
BRF:0
BRH:0
end_of_record
TN:
SF:routes\hotelRoutes.js
FNF:0
FNH:0
DA:1,3
DA:2,3
DA:3,3
DA:6,3
DA:9,3
DA:11,3
LF:6
LH:6
BRF:0
BRH:0
end_of_record
